<?xml version="1.0" encoding="UTF-8"?>
<testsuite xmlns:xsi="http://www.w3.org/2001/XMLSchema-instance" xsi:noNamespaceSchemaLocation="https://maven.apache.org/surefire/maven-surefire-plugin/xsd/surefire-test-report-3.0.xsd" version="3.0" name="com.autoparts.integration.OrderFlowIntegrationTest" time="15.253" tests="16" errors="0" skipped="0" failures="0">
  <properties>
[...]
</properties>
  <testcase name="step1_registerClient_returnsToken" classname="com.autoparts.integration.OrderFlowIntegrationTest" time="1.215">
    <system-out><![CDATA[19:09:12.063 [main] INFO org.springframework.test.context.support.AnnotationConfigContextLoaderUtils -- Could not detect default configuration classes for test class [com.autoparts.integration.OrderFlowIntegrationTest]: OrderFlowIntegrationTest does not declare any static, non-private, non-final, nested classes annotated with @Configuration.
19:09:12.228 [main] INFO org.springframework.boot.test.context.SpringBootTestContextBootstrapper -- Found @SpringBootConfiguration com.autoparts.AutoPartsApplication for test class com.autoparts.integration.OrderFlowIntegrationTest

  .   ____          _            __ _ _
 /\\ / ___'_ __ _ _(_)_ __  __ _ \ \ \ \
( ( )\___ | '_ | '_| | '_ \/ _` | \ \ \ \
 \\/  ___)| |_)| | | | | || (_| |  ) ) ) )
  '  |____| .__|_| |_|_| |_\__, | / / / /
 =========|_|==============|___/=/_/_/_/
 :: Spring Boot ::                (v3.2.5)

2026-06-25T19:09:13.029+02:00  INFO 33576 --- [           main] c.a.i.OrderFlowIntegrationTest           : Starting OrderFlowIntegrationTest using Java 21.0.11 with PID 33576 (started by Nikola in C:\_Projekti\SE321-Ispit-6090\backend)
2026-06-25T19:09:13.031+02:00  INFO 33576 --- [           main] c.a.i.OrderFlowIntegrationTest           : The following 1 profile is active: "test"
2026-06-25T19:09:15.111+02:00  INFO 33576 --- [           main] .s.d.r.c.RepositoryConfigurationDelegate : Bootstrapping Spring Data JPA repositories in DEFAULT mode.
2026-06-25T19:09:15.269+02:00  INFO 33576 --- [           main] .s.d.r.c.RepositoryConfigurationDelegate : Finished Spring Data repository scanning in 140 ms. Found 5 JPA repository interfaces.
2026-06-25T19:09:16.398+02:00  INFO 33576 --- [           main] o.hibernate.jpa.internal.util.LogHelper  : HHH000204: Processing PersistenceUnitInfo [name: default]
2026-06-25T19:09:16.621+02:00  INFO 33576 --- [           main] org.hibernate.Version                    : HHH000412: Hibernate ORM core version 6.4.4.Final
2026-06-25T19:09:16.701+02:00  INFO 33576 --- [           main] o.h.c.internal.RegionFactoryInitiator    : HHH000026: Second-level cache disabled
2026-06-25T19:09:17.353+02:00  INFO 33576 --- [           main] o.s.o.j.p.SpringPersistenceUnitInfo      : No LoadTimeWeaver setup: ignoring JPA class transformer
2026-06-25T19:09:17.463+02:00  INFO 33576 --- [           main] com.zaxxer.hikari.HikariDataSource       : HikariPool-1 - Starting...
2026-06-25T19:09:17.778+02:00  INFO 33576 --- [           main] com.zaxxer.hikari.pool.HikariPool        : HikariPool-1 - Added connection conn0: url=jdbc:h2:mem:testdb user=SA
2026-06-25T19:09:17.780+02:00  INFO 33576 --- [           main] com.zaxxer.hikari.HikariDataSource       : HikariPool-1 - Start completed.
2026-06-25T19:09:17.822+02:00  WARN 33576 --- [           main] org.hibernate.orm.deprecation            : HHH90000025: H2Dialect does not need to be specified explicitly using 'hibernate.dialect' (remove the property setting and it will be selected by default)
2026-06-25T19:09:19.557+02:00  INFO 33576 --- [           main] o.h.e.t.j.p.i.JtaPlatformInitiator       : HHH000489: No JTA platform available (set 'hibernate.transaction.jta.platform' to enable JTA platform integration)
2026-06-25T19:09:19.641+02:00  INFO 33576 --- [           main] j.LocalContainerEntityManagerFactoryBean : Initialized JPA EntityManagerFactory for persistence unit 'default'
2026-06-25T19:09:20.332+02:00  INFO 33576 --- [           main] o.s.d.j.r.query.QueryEnhancerFactory     : Hibernate is in classpath; If applicable, HQL parser will be used.
2026-06-25T19:09:22.042+02:00  WARN 33576 --- [           main] JpaBaseConfiguration$JpaWebConfiguration : spring.jpa.open-in-view is enabled by default. Therefore, database queries may be performed during view rendering. Explicitly configure spring.jpa.open-in-view to disable this warning
2026-06-25T19:09:23.106+02:00  INFO 33576 --- [           main] o.s.s.web.DefaultSecurityFilterChain     : Will secure any request with [org.springframework.security.web.session.DisableEncodeUrlFilter@784bea2c, org.springframework.security.web.context.request.async.WebAsyncManagerIntegrationFilter@73852c7c, org.springframework.security.web.context.SecurityContextHolderFilter@cfa5b9f, org.springframework.security.web.header.HeaderWriterFilter@7a5bccb8, org.springframework.web.filter.CorsFilter@4b6fc615, org.springframework.security.web.authentication.logout.LogoutFilter@58d8e971, com.autoparts.security.JwtFilter@1353f515, org.springframework.security.web.savedrequest.RequestCacheAwareFilter@47d6a31a, org.springframework.security.web.servletapi.SecurityContextHolderAwareRequestFilter@4a270796, org.springframework.security.web.authentication.AnonymousAuthenticationFilter@70661538, org.springframework.security.web.session.SessionManagementFilter@e43189c, org.springframework.security.web.access.ExceptionTranslationFilter@8814bb5, org.springframework.security.web.access.intercept.AuthorizationFilter@36e7a455]
2026-06-25T19:09:24.024+02:00  INFO 33576 --- [           main] o.s.b.t.m.w.SpringBootMockServletContext : Initializing Spring TestDispatcherServlet ''
2026-06-25T19:09:24.025+02:00  INFO 33576 --- [           main] o.s.t.web.servlet.TestDispatcherServlet  : Initializing Servlet ''
2026-06-25T19:09:24.026+02:00  INFO 33576 --- [           main] o.s.t.web.servlet.TestDispatcherServlet  : Completed initialization in 1 ms
2026-06-25T19:09:24.060+02:00  INFO 33576 --- [           main] c.a.i.OrderFlowIntegrationTest           : Started OrderFlowIntegrationTest in 11.591 seconds (process running for 13.34)
]]></system-out>
    <system-err><![CDATA[WARNING: A Java agent has been loaded dynamically (C:\Users\Nikola\.m2\repository\net\bytebuddy\byte-buddy-agent\1.14.13\byte-buddy-agent-1.14.13.jar)
WARNING: If a serviceability tool is in use, please run with -XX:+EnableDynamicAgentLoading to hide this warning
WARNING: If a serviceability tool is not in use, please run with -Djdk.instrument.traceUsage for more information
WARNING: Dynamic loading of agents will be disallowed by default in a future release
]]></system-err>
  </testcase>
  <testcase name="step2_loginClient_returnsToken" classname="com.autoparts.integration.OrderFlowIntegrationTest" time="0.233"/>
  <testcase name="step3_getArticles_returnsNonEmptyList" classname="com.autoparts.integration.OrderFlowIntegrationTest" time="0.085"/>
  <testcase name="step4_searchByName_returnsFilteredResults" classname="com.autoparts.integration.OrderFlowIntegrationTest" time="0.02"/>
  <testcase name="step5_searchByNonexistentName_returnsEmptyList" classname="com.autoparts.integration.OrderFlowIntegrationTest" time="0.008"/>
  <testcase name="step6_createOrder_returnsOrderWithPendingStatus" classname="com.autoparts.integration.OrderFlowIntegrationTest" time="0.167"/>
  <testcase name="step7_createOrderAsGuest_succeeds" classname="com.autoparts.integration.OrderFlowIntegrationTest" time="0.016"/>
  <testcase name="step8_getMyOrders_containsCreatedOrder" classname="com.autoparts.integration.OrderFlowIntegrationTest" time="0.074"/>
  <testcase name="step9_getMyOrdersWithoutToken_returns403" classname="com.autoparts.integration.OrderFlowIntegrationTest" time="0.01"/>
  <testcase name="step10_loginEmployee_returnsEmployeeToken" classname="com.autoparts.integration.OrderFlowIntegrationTest" time="0.137"/>
  <testcase name="step11_getAllOrders_asEmployee_succeeds" classname="com.autoparts.integration.OrderFlowIntegrationTest" time="0.029"/>
  <testcase name="step12_getAllOrders_asClient_returns403" classname="com.autoparts.integration.OrderFlowIntegrationTest" time="0.02"/>
  <testcase name="step13_getPendingOrders_allStatusArePending" classname="com.autoparts.integration.OrderFlowIntegrationTest" time="0.037"/>
  <testcase name="step14_updateOrderToDelivered_returnsUpdatedOrder" classname="com.autoparts.integration.OrderFlowIntegrationTest" time="0.036"/>
  <testcase name="step15_pendingListNoLongerContainsDeliveredOrder" classname="com.autoparts.integration.OrderFlowIntegrationTest" time="0.089"/>
  <testcase name="step16_cancelOrder_returnsCancelledStatus" classname="com.autoparts.integration.OrderFlowIntegrationTest" time="0.098"/>
</testsuite>